<?xml version="1.0" encoding="UTF-8"?>
<!-- Generated by org.testng.reporters.JUnitXMLReporter -->
<testsuite ignored="0" hostname="DESKTOP-ML5KD1B" failures="0" tests="10" name="Surefire test" time="2.164" errors="0" timestamp="2020-12-15T08:56:12 EET">
  <testcase classname="com.example.restservice.CopterControllerTests" name="testDataProvidedCopter" time="0.024"/>
  <testcase classname="com.example.restservice.CopterControllerTests" name="testDataProvidedCopter" time="0.021"/>
  <testcase classname="com.example.restservice.CopterControllerTests" name="testDataProvidedCopter" time="0.007"/>
  <testcase classname="com.example.restservice.CopterControllerTests" name="testDataProvidedCopter" time="0.009"/>
  <testcase classname="com.example.restservice.CopterControllerTests" name="testDataProvidedCopter" time="0.005"/>
  <testcase classname="com.example.restservice.CopterControllerTests" name="testDataProvidedCopter" time="0.005"/>
  <testcase classname="com.example.restservice.CopterControllerTests" name="testDataProvidedCopter" time="0.008"/>
  <testcase classname="com.example.restservice.CopterControllerTests" name="testDataProvidedCopter" time="0.005"/>
  <testcase classname="com.example.restservice.CopterControllerTests" name="testDataProvidedCopter" time="0.007"/>
  <testcase classname="com.example.restservice.CopterControllerTests" name="testDataProvidedCopter" time="0.005"/>
</testsuite> <!-- Surefire test -->
