<?xml version="1.0" encoding="UTF-8"?>
<testsuite xmlns:xsi="http://www.w3.org/2001/XMLSchema-instance" xsi:noNamespaceSchemaLocation="https://maven.apache.org/surefire/maven-surefire-plugin/xsd/surefire-test-report.xsd" name="com.example.restservice.CopterControllerTests" time="4.93" tests="10" errors="0" skipped="0" failures="0">
  <properties>
[...]
</properties>
  <testcase name="testDataProvidedCopter" classname="com.example.restservice.CopterControllerTests" time="0.137"/>
  <testcase name="testDataProvidedCopter" classname="com.example.restservice.CopterControllerTests" time="0.142"/>
  <testcase name="testDataProvidedCopter" classname="com.example.restservice.CopterControllerTests" time="0.051"/>
  <testcase name="testDataProvidedCopter" classname="com.example.restservice.CopterControllerTests" time="0.039"/>
  <testcase name="testDataProvidedCopter" classname="com.example.restservice.CopterControllerTests" time="0.047"/>
  <testcase name="testDataProvidedCopter" classname="com.example.restservice.CopterControllerTests" time="0.049"/>
  <testcase name="testDataProvidedCopter" classname="com.example.restservice.CopterControllerTests" time="0.085"/>
  <testcase name="testDataProvidedCopter" classname="com.example.restservice.CopterControllerTests" time="0.05"/>
  <testcase name="testDataProvidedCopter" classname="com.example.restservice.CopterControllerTests" time="0.078"/>
  <testcase name="testDataProvidedCopter" classname="com.example.restservice.CopterControllerTests" time="0.042"/>
</testsuite>