{
  "stats": {
    "suites": 1,
    "tests": 8,
    "passes": 8,
    "pending": 0,
    "failures": 0,
    "start": "2020-11-15T16:40:03.957Z",
    "end": "2020-11-15T16:40:06.435Z",
    "duration": 2478,
    "testsRegistered": 8,
    "passPercent": 100,
    "pendingPercent": 0,
    "other": 0,
    "hasOther": false,
    "skipped": 0,
    "hasSkipped": false
  },
  "results": [
    {
      "uuid": "2195786e-85f8-46c6-bca4-c61333c4d1b9",
      "title": "",
      "fullFile": "",
      "file": "",
      "beforeHooks": [],
      "afterHooks": [],
      "tests": [],
      "suites": [
        {
          "uuid": "67bf9c74-aa52-4254-a91b-3e97b1e24201",
          "title": "SOAP Testing",
          "fullFile": "B:\\Polyteh\\5course\\lol\\testing\\soap_wrapper\\test\\index.test.js",
          "file": "\\test\\index.test.js",
          "beforeHooks": [],
          "afterHooks": [],
          "tests": [
            {
              "title": "Task 1",
              "fullTitle": "SOAP Testing Task 1",
              "timedOut": false,
              "duration": 565,
              "state": "passed",
              "speed": "slow",
              "pass": true,
              "fail": false,
              "pending": false,
              "context": null,
              "code": "chai\n  .request(server)\n  .post(\"/task1\")\n  .query({ string: \"hello world\", token: \"1\" })\n  .end((err, res) => {\n    console.log(\n      \"1. Make first character uppercase adding token between word\"\n    );\n    expect(res.body.result).to.be.eql(\"Hello1World\");\n    done();\n  });",
              "err": {},
              "uuid": "64cc6c3b-0275-4f47-857c-c221dabd49a5",
              "parentUUID": "67bf9c74-aa52-4254-a91b-3e97b1e24201",
              "isHook": false,
              "skipped": false
            },
            {
              "title": "Task 2",
              "fullTitle": "SOAP Testing Task 2",
              "timedOut": false,
              "duration": 276,
              "state": "passed",
              "speed": "slow",
              "pass": true,
              "fail": false,
              "pending": false,
              "context": null,
              "code": "chai\n  .request(server)\n  .post(\"/task2\")\n  .query({ string: \"BohDan TeReNchyn\" })\n  .end((err, res) => {\n    console.log(\n      \"2. Uppercase letters that are lowercase and lowercase letters that are uppercase\"\n    );\n    expect(res.body.result).to.be.eql(\"bOHdAN tErEnCHYN\");\n    done();\n  });",
              "err": {},
              "uuid": "7a0a5f1e-9b96-449c-8f05-d61d592a66c7",
              "parentUUID": "67bf9c74-aa52-4254-a91b-3e97b1e24201",
              "isHook": false,
              "skipped": false
            },
            {
              "title": "Task 3",
              "fullTitle": "SOAP Testing Task 3",
              "timedOut": false,
              "duration": 272,
              "state": "passed",
              "speed": "slow",
              "pass": true,
              "fail": false,
              "pending": false,
              "context": null,
              "code": "chai\n  .request(server)\n  .post(\"/task3\")\n  .query({ string: \"Bohdan teRenchyn\" })\n  .end((err, res) => {\n    console.log(\n      \"3. Invert the casing of the first letter and adjust the string to conform with the previous casing of first letter\"\n    );\n    expect(res.body.result).to.be.eql(\"bOHDAN Terenchyn\");\n    done();\n  });",
              "err": {},
              "uuid": "6fe89650-eecc-4104-9a2f-16446a9d5632",
              "parentUUID": "67bf9c74-aa52-4254-a91b-3e97b1e24201",
              "isHook": false,
              "skipped": false
            },
            {
              "title": "Task 4",
              "fullTitle": "SOAP Testing Task 4",
              "timedOut": false,
              "duration": 268,
              "state": "passed",
              "speed": "slow",
              "pass": true,
              "fail": false,
              "pending": false,
              "context": null,
              "code": "chai\n  .request(server)\n  .post(\"/task4\")\n  .query({ string: \"Bohdan teRenchyn\" })\n  .end((err, res) => {\n    console.log(\n      \"4. Invert the casing of the first letter and adjust the string to conform with the current casing of first letter\"\n    );\n    expect(res.body.result).to.be.eql(\"bohdan TERENCHYN\");\n    done();\n  });",
              "err": {},
              "uuid": "ebf99af5-a0de-4c2a-ab47-9883b71db3c8",
              "parentUUID": "67bf9c74-aa52-4254-a91b-3e97b1e24201",
              "isHook": false,
              "skipped": false
            },
            {
              "title": "Task 5",
              "fullTitle": "SOAP Testing Task 5",
              "timedOut": false,
              "duration": 269,
              "state": "passed",
              "speed": "slow",
              "pass": true,
              "fail": false,
              "pending": false,
              "context": null,
              "code": "chai\n  .request(server)\n  .post(\"/task5\")\n  .query({ string: \"teRenchyn\", token: \"1\" })\n  .end((err, res) => {\n    console.log(\n      \"5. Change string to uppercase adding token between characters\"\n    );\n    expect(res.body.result).to.be.eql(\"1T1E1R1E1N1C1H1Y1N1\");\n    done();\n  });",
              "err": {},
              "uuid": "fe064669-209f-46ce-9a65-0c121a9bd8de",
              "parentUUID": "67bf9c74-aa52-4254-a91b-3e97b1e24201",
              "isHook": false,
              "skipped": false
            },
            {
              "title": "Task 6",
              "fullTitle": "SOAP Testing Task 6",
              "timedOut": false,
              "duration": 271,
              "state": "passed",
              "speed": "slow",
              "pass": true,
              "fail": false,
              "pending": false,
              "context": null,
              "code": "chai\n  .request(server)\n  .post(\"/task6\")\n  .query({ string: \"BohDan TeReNchyn\", token: \"123\" })\n  .end((err, res) => {\n    console.log(\n      \"6. Change string to lowercase adding token between characters\"\n    );\n    expect(res.body.result).to.be.eql(\n      \"123b123o123h123d123a123n123 123t123e123r123e123n123c123h123y123n123\"\n    );\n    done();\n  });",
              "err": {},
              "uuid": "a91af8e4-0938-4c4f-b60c-9fd9939d84f1",
              "parentUUID": "67bf9c74-aa52-4254-a91b-3e97b1e24201",
              "isHook": false,
              "skipped": false
            },
            {
              "title": "Task 7",
              "fullTitle": "SOAP Testing Task 7",
              "timedOut": false,
              "duration": 275,
              "state": "passed",
              "speed": "slow",
              "pass": true,
              "fail": false,
              "pending": false,
              "context": null,
              "code": "chai\n  .request(server)\n  .post(\"/task7\")\n  .query({ string: \"BohDan TeReNchyn\", token: \"000\" })\n  .end((err, res) => {\n    console.log(\n      \"7. Change string to uppercase adding token between characters of each word\"\n    );\n    expect(res.body.result).to.be.eql(\"BOHDAN 000TERENCHYN\");\n    done();\n  });",
              "err": {},
              "uuid": "6b2be67f-17ee-48ee-b4d2-03a87b945c74",
              "parentUUID": "67bf9c74-aa52-4254-a91b-3e97b1e24201",
              "isHook": false,
              "skipped": false
            },
            {
              "title": "Task 8",
              "fullTitle": "SOAP Testing Task 8",
              "timedOut": false,
              "duration": 266,
              "state": "passed",
              "speed": "slow",
              "pass": true,
              "fail": false,
              "pending": false,
              "context": null,
              "code": "chai\n  .request(server)\n  .post(\"/task8\")\n  .query({ string: \"BohDan TeReNchyn\", token: \"555\" })\n  .end((err, res) => {\n    console.log(\n      \"8.  Change string to lowercase adding token between characters of each word\"\n    );\n    expect(res.body.result).to.be.eql(\"bohdan 555terenchyn\");\n    done();\n  });",
              "err": {},
              "uuid": "34aed508-7e64-4eb2-abf8-f57fadd00283",
              "parentUUID": "67bf9c74-aa52-4254-a91b-3e97b1e24201",
              "isHook": false,
              "skipped": false
            }
          ],
          "suites": [],
          "passes": [
            "64cc6c3b-0275-4f47-857c-c221dabd49a5",
            "7a0a5f1e-9b96-449c-8f05-d61d592a66c7",
            "6fe89650-eecc-4104-9a2f-16446a9d5632",
            "ebf99af5-a0de-4c2a-ab47-9883b71db3c8",
            "fe064669-209f-46ce-9a65-0c121a9bd8de",
            "a91af8e4-0938-4c4f-b60c-9fd9939d84f1",
            "6b2be67f-17ee-48ee-b4d2-03a87b945c74",
            "34aed508-7e64-4eb2-abf8-f57fadd00283"
          ],
          "failures": [],
          "pending": [],
          "skipped": [],
          "duration": 2462,
          "root": false,
          "rootEmpty": false,
          "_timeout": 100000
        }
      ],
      "passes": [],
      "failures": [],
      "pending": [],
      "skipped": [],
      "duration": 0,
      "root": true,
      "rootEmpty": true,
      "_timeout": 100000
    }
  ],
  "meta": {
    "mocha": {
      "version": "6.2.2"
    },
    "mochawesome": {
      "options": {
        "quiet": false,
        "reportFilename": "mochawesome",
        "saveHtml": true,
        "saveJson": true,
        "consoleReporter": "spec",
        "useInlineDiffs": false
      },
      "version": "4.1.0"
    },
    "marge": {
      "options": null,
      "version": "4.0.1"
    }
  }
}